0 info it worked if it ends with ok
1 verbose cli [ 'c:\\Program Files\\nodejs\\node.exe',
1 verbose cli   'c:\\Program Files\\nodejs\\node_modules\\npm\\bin\\npm-cli.js',
1 verbose cli   'run',
1 verbose cli   'protractor' ]
2 info using npm@3.3.12
3 info using node@v5.4.0
4 verbose run-script [ 'preprotractor', 'protractor', 'postprotractor' ]
5 info lifecycle protractor-cucumber-poc@~preprotractor: protractor-cucumber-poc@
6 silly lifecycle protractor-cucumber-poc@~preprotractor: no script for preprotractor, continuing
7 info lifecycle protractor-cucumber-poc@~protractor: protractor-cucumber-poc@
8 verbose lifecycle protractor-cucumber-poc@~protractor: unsafe-perm in lifecycle true
9 verbose lifecycle protractor-cucumber-poc@~protractor: PATH: c:\Program Files\nodejs\node_modules\npm\bin\node-gyp-bin;c:\vinay\Protractor\Protractor_POC\node_modules\.bin;c:\bin;.;C:\Program Files (x86)\Git\local\bin;C:\Program Files (x86)\Git\mingw\bin;C:\Program Files (x86)\Git\bin;c:\Ruby193_1\bin;c:\Ruby193_Sales\bin;c:\Ruby193\bin;c:\Program Files (x86)\RSA SecurID Token Common;c:\Program Files\RSA SecurID Token Common;c:\ProgramData\Oracle\Java\javapath;c:\Ruby193_W2K3\bin;c:\Ruby193_MiddlewareCortex\bin;c:\Ruby193_CortexAdapter\bin;c:\WINDOWS\system32;c:\WINDOWS;c:\WINDOWS\System32\Wbem;c:\WINDOWS\System32\WindowsPowerShell\v1.0\;c:\WINDOWS\System32\WindowsPowerShell\v1.0\;c:\Program Files (x86)\Enterprise Vault\EVClient\;c:\Program Files\Lenovo\Fingerprint Manager Pro\;c:\Devkit\;c:\Oracle\ODAC\x86;c:\Projects\caspar_automation\src\stories\features\support\selenium_drivers\chromedriver.exe;c:\Oracle\ODAC\x86;c:\Devkit\;c:\Program Files (x86)\GitExtensions\;c:\Program Files (x86)\Skype\Phone\;c:\selenium_drivers\chromedriver.exe;c:\Program Files\NorthgateArinso\PROIV Version 8\VirtualMachine;c:\Program Files (x86)\Microsoft SQL Server\100\Tools\Binn\;c:\Program Files\Microsoft SQL Server\100\Tools\Binn\;c:\Program Files\Microsoft SQL Server\100\DTS\Binn\;c:\Program Files\nodejs\;c:\Ruby193_CASPAR\bin;c:\Ruby193_CILS\bin;c:\Ruby193_SPIN\bin;c:\Ruby193_2\bin;c:\Ruby193\bin;c:\Users\kondavw1\AppData\Roaming\npm
10 verbose lifecycle protractor-cucumber-poc@~protractor: CWD: c:\vinay\Protractor\Protractor_POC
11 silly lifecycle protractor-cucumber-poc@~protractor: Args: [ '/d /s /c', 'protractor protractor.conf.js' ]
12 silly lifecycle protractor-cucumber-poc@~protractor: Returned: code: 100  signal: null
13 info lifecycle protractor-cucumber-poc@~protractor: Failed to exec protractor script
14 verbose stack Error: protractor-cucumber-poc@ protractor: `protractor protractor.conf.js`
14 verbose stack Exit status 100
14 verbose stack     at EventEmitter.<anonymous> (c:\Program Files\nodejs\node_modules\npm\lib\utils\lifecycle.js:232:16)
14 verbose stack     at emitTwo (events.js:87:13)
14 verbose stack     at EventEmitter.emit (events.js:172:7)
14 verbose stack     at ChildProcess.<anonymous> (c:\Program Files\nodejs\node_modules\npm\lib\utils\spawn.js:24:14)
14 verbose stack     at emitTwo (events.js:87:13)
14 verbose stack     at ChildProcess.emit (events.js:172:7)
14 verbose stack     at maybeClose (internal/child_process.js:821:16)
14 verbose stack     at Process.ChildProcess._handle.onexit (internal/child_process.js:211:5)
15 verbose pkgid protractor-cucumber-poc@
16 verbose cwd c:\vinay\Protractor\Protractor_POC
17 error Windows_NT 6.1.7601
18 error argv "c:\\Program Files\\nodejs\\node.exe" "c:\\Program Files\\nodejs\\node_modules\\npm\\bin\\npm-cli.js" "run" "protractor"
19 error node v5.4.0
20 error npm  v3.3.12
21 error code ELIFECYCLE
22 error protractor-cucumber-poc@ protractor: `protractor protractor.conf.js`
22 error Exit status 100
23 error Failed at the protractor-cucumber-poc@ protractor script 'protractor protractor.conf.js'.
23 error Make sure you have the latest version of node.js and npm installed.
23 error If you do, this is most likely a problem with the protractor-cucumber-poc package,
23 error not with npm itself.
23 error Tell the author that this fails on your system:
23 error     protractor protractor.conf.js
23 error You can get their info via:
23 error     npm owner ls protractor-cucumber-poc
23 error There is likely additional logging output above.
24 verbose exit [ 1, true ]
